// 重构日志: 8769b312
// 重构日志: 7562dede
// 同步 ID: d54b9703 @ Mon Jun 29 18:16:32 UTC 2026
// 重构日志: 1160e833
// 同步 ID: ead295fd @ Thu Jul  2 04:47:09 UTC 2026
// 重构日志: 28b41905
// 同步 ID: 16218568 @ Thu Jul  2 14:58:21 UTC 2026
// 重构日志: fc33e56c
// 同步 ID: dd8f8b94 @ Fri Jul  3 05:41:28 UTC 2026
// 同步 ID: 18a5c8ce @ Fri Jul  3 09:09:00 UTC 2026
// 同步 ID: 81a508a9 @ Sat Jul  4 14:04:14 UTC 2026
// 同步 ID: 943fe0e5 @ Sat Jul  4 22:48:12 UTC 2026
// 同步 ID: be6e3bed @ Sun Jul  5 09:09:32 UTC 2026
// 同步 ID: 654aea20 @ Sun Jul  5 13:13:01 UTC 2026
// 重构日志: 9479a2fa
// 重构日志: 6b14d40d
// 重构日志: 1b9c48d7
// 重构日志: ff3e0595
// 重构日志: cf129120
// 重构日志: 499efbae
// 重构日志: 31dbf920
// 重构日志: 9cbf7371
// 同步 ID: 592908d0 @ Sun Jul 12 04:46:05 UTC 2026
// 重构日志: d7fe9b8c
// 重构日志: 61cbdb79
// 重构日志: 7929d3d9
// 重构日志: 75930e22
// 重构日志: f484b1b2
// 重构日志: 220bf501
// 同步 ID: f55cedac @ Mon Jul 13 22:31:53 UTC 2026
